# JRE version: OpenJDK Runtime Environment (8.0_212-b04) (build 1.8.0_212-b04)
# Java VM: OpenJDK 64-Bit Server VM (25.212-b04 mixed mode linux-amd64 compressed oops)
Heap:
 def new generation   total 39424K, used 10521K [0x00000000c0000000, 0x00000000c2ac0000, 0x00000000d5550000)
  eden space 35072K,  30% used [0x00000000c0000000, 0x00000000c0a46670, 0x00000000c2240000)
  from space 4352K,   0% used [0x00000000c2240000, 0x00000000c2240000, 0x00000000c2680000)
  to   space 4352K,   0% used [0x00000000c2680000, 0x00000000c2680000, 0x00000000c2ac0000)
 tenured generation   total 87424K, used 249K [0x00000000d5550000, 0x00000000daab0000, 0x0000000100000000)
   the space 87424K,   0% used [0x00000000d5550000, 0x00000000d558e658, 0x00000000d558e800, 0x00000000daab0000)
 Metaspace       used 2484K, capacity 4486K, committed 4864K, reserved 1056768K
  class space    used 256K, capacity 386K, committed 512K, reserved 1048576K
GC Heap History (10 events):
Event: 293.878 GC heap before
{Heap before GC invocations=14 (full 0):
 def new generation   total 39296K, used 35193K [0x00000000c0000000, 0x00000000c2aa0000, 0x00000000d5550000)
  eden space 34944K, 100% used [0x00000000c0000000, 0x00000000c2220000, 0x00000000c2220000)
  from space 4352K,   5% used [0x00000000c2220000, 0x00000000c225e658, 0x00000000c2660000)
  to   space 4352K,   0% used [0x00000000c2660000, 0x00000000c2660000, 0x00000000c2aa0000)
 tenured generation   total 87424K, used 0K [0x00000000d5550000, 0x00000000daab0000, 0x0000000100000000)
   the space 87424K,   0% used [0x00000000d5550000, 0x00000000d5550000, 0x00000000d5550200, 0x00000000daab0000)
 Metaspace       used 2484K, capacity 4486K, committed 4864K, reserved 1056768K
  class space    used 256K, capacity 386K, committed 512K, reserved 1048576K
Event: 293.879 GC heap after
Heap after GC invocations=15 (full 0):
 def new generation   total 39296K, used 249K [0x00000000c0000000, 0x00000000c2aa0000, 0x00000000d5550000)
  eden space 34944K,   0% used [0x00000000c0000000, 0x00000000c0000000, 0x00000000c2220000)
  from space 4352K,   5% used [0x00000000c2660000, 0x00000000c269e658, 0x00000000c2aa0000)
  to   space 4352K,   0% used [0x00000000c2220000, 0x00000000c2220000, 0x00000000c2660000)
 tenured generation   total 87424K, used 0K [0x00000000d5550000, 0x00000000daab0000, 0x0000000100000000)
   the space 87424K,   0% used [0x00000000d5550000, 0x00000000d5550000, 0x00000000d5550200, 0x00000000daab0000)
 Metaspace       used 2484K, capacity 4486K, committed 4864K, reserved 1056768K
  class space    used 256K, capacity 386K, committed 512K, reserved 1048576K
}
Event: 316.508 GC heap before
{Heap before GC invocations=15 (full 0):
 def new generation   total 39296K, used 35193K [0x00000000c0000000, 0x00000000c2aa0000, 0x00000000d5550000)
  eden space 34944K, 100% used [0x00000000c0000000, 0x00000000c2220000, 0x00000000c2220000)
  from space 4352K,   5% used [0x00000000c2660000, 0x00000000c269e658, 0x00000000c2aa0000)
  to   space 4352K,   0% used [0x00000000c2220000, 0x00000000c2220000, 0x00000000c2660000)
 tenured generation   total 87424K, used 0K [0x00000000d5550000, 0x00000000daab0000, 0x0000000100000000)
   the space 87424K,   0% used [0x00000000d5550000, 0x00000000d5550000, 0x00000000d5550200, 0x00000000daab0000)
 Metaspace       used 2484K, capacity 4486K, committed 4864K, reserved 1056768K
  class space    used 256K, capacity 386K, committed 512K, reserved 1048576K
Event: 316.509 GC heap after
Heap after GC invocations=16 (full 0):
 def new generation   total 39424K, used 0K [0x00000000c0000000, 0x00000000c2ac0000, 0x00000000d5550000)
  eden space 35072K,   0% used [0x00000000c0000000, 0x00000000c0000000, 0x00000000c2240000)
  from space 4352K,   0% used [0x00000000c2240000, 0x00000000c2240000, 0x00000000c2680000)
  to   space 4352K,   0% used [0x00000000c2680000, 0x00000000c2680000, 0x00000000c2ac0000)
 tenured generation   total 87424K, used 249K [0x00000000d5550000, 0x00000000daab0000, 0x0000000100000000)
   the space 87424K,   0% used [0x00000000d5550000, 0x00000000d558e658, 0x00000000d558e800, 0x00000000daab0000)
 Metaspace       used 2484K, capacity 4486K, committed 4864K, reserved 1056768K
  class space    used 256K, capacity 386K, committed 512K, reserved 1048576K
}
Event: 340.796 GC heap before
{Heap before GC invocations=16 (full 0):
 def new generation   total 39424K, used 35072K [0x00000000c0000000, 0x00000000c2ac0000, 0x00000000d5550000)
  eden space 35072K, 100% used [0x00000000c0000000, 0x00000000c2240000, 0x00000000c2240000)
  from space 4352K,   0% used [0x00000000c2240000, 0x00000000c2240000, 0x00000000c2680000)
  to   space 4352K,   0% used [0x00000000c2680000, 0x00000000c2680000, 0x00000000c2ac0000)
 tenured generation   total 87424K, used 249K [0x00000000d5550000, 0x00000000daab0000, 0x0000000100000000)
   the space 87424K,   0% used [0x00000000d5550000, 0x00000000d558e658, 0x00000000d558e800, 0x00000000daab0000)
 Metaspace       used 2484K, capacity 4486K, committed 4864K, reserved 1056768K
  class space    used 256K, capacity 386K, committed 512K, reserved 1048576K
Event: 340.797 GC heap after
Heap after GC invocations=17 (full 0):
 def new generation   total 39424K, used 0K [0x00000000c0000000, 0x00000000c2ac0000, 0x00000000d5550000)
  eden space 35072K,   0% used [0x00000000c0000000, 0x00000000c0000000, 0x00000000c2240000)
  from space 4352K,   0% used [0x00000000c2680000, 0x00000000c2680000, 0x00000000c2ac0000)
  to   space 4352K,   0% used [0x00000000c2240000, 0x00000000c2240000, 0x00000000c2680000)
 tenured generation   total 87424K, used 249K [0x00000000d5550000, 0x00000000daab0000, 0x0000000100000000)
   the space 87424K,   0% used [0x00000000d5550000, 0x00000000d558e658, 0x00000000d558e800, 0x00000000daab0000)
 Metaspace       used 2484K, capacity 4486K, committed 4864K, reserved 1056768K
  class space    used 256K, capacity 386K, committed 512K, reserved 1048576K
}
Event: 363.959 GC heap before
{Heap before GC invocations=17 (full 0):
 def new generation   total 39424K, used 35072K [0x00000000c0000000, 0x00000000c2ac0000, 0x00000000d5550000)
  eden space 35072K, 100% used [0x00000000c0000000, 0x00000000c2240000, 0x00000000c2240000)
  from space 4352K,   0% used [0x00000000c2680000, 0x00000000c2680000, 0x00000000c2ac0000)
  to   space 4352K,   0% used [0x00000000c2240000, 0x00000000c2240000, 0x00000000c2680000)
 tenured generation   total 87424K, used 249K [0x00000000d5550000, 0x00000000daab0000, 0x0000000100000000)
   the space 87424K,   0% used [0x00000000d5550000, 0x00000000d558e658, 0x00000000d558e800, 0x00000000daab0000)
 Metaspace       used 2484K, capacity 4486K, committed 4864K, reserved 1056768K
  class space    used 256K, capacity 386K, committed 512K, reserved 1048576K
Event: 363.960 GC heap after
Heap after GC invocations=18 (full 0):
 def new generation   total 39424K, used 0K [0x00000000c0000000, 0x00000000c2ac0000, 0x00000000d5550000)
  eden space 35072K,   0% used [0x00000000c0000000, 0x00000000c0000000, 0x00000000c2240000)
  from space 4352K,   0% used [0x00000000c2240000, 0x00000000c2240000, 0x00000000c2680000)
  to   space 4352K,   0% used [0x00000000c2680000, 0x00000000c2680000, 0x00000000c2ac0000)
 tenured generation   total 87424K, used 249K [0x00000000d5550000, 0x00000000daab0000, 0x0000000100000000)
   the space 87424K,   0% used [0x00000000d5550000, 0x00000000d558e658, 0x00000000d558e800, 0x00000000daab0000)
 Metaspace       used 2484K, capacity 4486K, committed 4864K, reserved 1056768K
  class space    used 256K, capacity 386K, committed 512K, reserved 1048576K
}
Event: 387.857 GC heap before
{Heap before GC invocations=18 (full 0):
 def new generation   total 39424K, used 35072K [0x00000000c0000000, 0x00000000c2ac0000, 0x00000000d5550000)
  eden space 35072K, 100% used [0x00000000c0000000, 0x00000000c2240000, 0x00000000c2240000)
  from space 4352K,   0% used [0x00000000c2240000, 0x00000000c2240000, 0x00000000c2680000)
  to   space 4352K,   0% used [0x00000000c2680000, 0x00000000c2680000, 0x00000000c2ac0000)
 tenured generation   total 87424K, used 249K [0x00000000d5550000, 0x00000000daab0000, 0x0000000100000000)
   the space 87424K,   0% used [0x00000000d5550000, 0x00000000d558e658, 0x00000000d558e800, 0x00000000daab0000)
 Metaspace       used 2484K, capacity 4486K, committed 4864K, reserved 1056768K
  class space    used 256K, capacity 386K, committed 512K, reserved 1048576K
Event: 387.857 GC heap after
Heap after GC invocations=19 (full 0):
 def new generation   total 39424K, used 0K [0x00000000c0000000, 0x00000000c2ac0000, 0x00000000d5550000)
  eden space 35072K,   0% used [0x00000000c0000000, 0x00000000c0000000, 0x00000000c2240000)
  from space 4352K,   0% used [0x00000000c2680000, 0x00000000c2680000, 0x00000000c2ac0000)
  to   space 4352K,   0% used [0x00000000c2240000, 0x00000000c2240000, 0x00000000c2680000)
 tenured generation   total 87424K, used 249K [0x00000000d5550000, 0x00000000daab0000, 0x0000000100000000)
   the space 87424K,   0% used [0x00000000d5550000, 0x00000000d558e658, 0x00000000d558e800, 0x00000000daab0000)
 Metaspace       used 2484K, capacity 4486K, committed 4864K, reserved 1056768K
  class space    used 256K, capacity 386K, committed 512K, reserved 1048576K
}

